make all --print-data-base --no-builtin-variables --no-builtin-rules --question
# GNU Make 3.81
# Copyright (C) 2006  Free Software Foundation, Inc.
# This is free software; see the source for copying conditions.
# There is NO warranty; not even for MERCHANTABILITY or FITNESS FOR A
# PARTICULAR PURPOSE.

# This program built for i386-apple-darwin11.3.0
 

# Make data base, printed on Sun May 29 12:16:19 2022

# Variables

# automatic
<D = $(patsubst %/,%,$(dir $<))
# automatic
?F = $(notdir $?)
# environment
VSCODE_LOG_NATIVE = false
# automatic
?D = $(patsubst %/,%,$(dir $?))
# makefile (from `makefile', line 18)
INCLUDES = ./includes
# automatic
@D = $(patsubst %/,%,$(dir $@))
# automatic
@F = $(notdir $@)
# makefile
CURDIR := /Users/mazhari/Desktop/minishell
# makefile
SHELL = /bin/sh
# makefile (from `makefile', line 24)
 
B_DIR = build
# environment
VSCODE_NLS_CONFIG = {"locale":"en-us","availableLanguages":{},"_languagePackSupport":true}
# environment
_ = /usr/bin/make
# makefile (from `makefile', line 14)
CFLAGS = -Wall -Werror -Wextra -g
# makefile (from `makefile', line 1)
MAKEFILE_LIST :=  makefile
# environment
VSCODE_VERBOSE_LOGGING = true
# makefile (from `makefile', line 32)
OBJS = $(addprefix $(B_DIR)/, $(FILES:=.o))
# environment
VSCODE_IPC_HOOK_EXTHOST = /var/folders/zz/zyxvpxvq6csfxvn_n000cf7w0033jz/T/vscode-ipc-69503a2c-43d5-41ef-9676-6840e0f594ab.sock
# environment
VSCODE_CWD = /
# environment
Apple_PubSub_Socket_Render = /private/tmp/com.apple.launchd.9ViYgqcdXN/Render
# environment
PATH = /usr/local/bin:/usr/bin:/bin:/usr/sbin:/sbin:/usr/local/munki
# environment
LSCOLORS = Gxfxcxdxbxegedabagacad
# environment
VSCODE_LOG_STACK = false
# environment
ELECTRON_RUN_AS_NODE = 1
# default
.FEATURES := target-specific order-only second-expansion else-if archives jobserver check-symlink
# makefile (from `makefile', line 21)
LIBFT_DIR = libft
# environment
SSH_AUTH_SOCK = /private/tmp/com.apple.launchd.JCSPKpN5qC/Listeners
# automatic
%F = $(notdir $%)
# environment
VSCODE_PIPE_LOGGING = true
# environment
PWD = /Users/mazhari/Desktop/minishell
# environment
ORIGINAL_XDG_CURRENT_DESKTOP = undefined
# environment
VSCODE_AMD_ENTRYPOINT = vs/workbench/api/node/extensionHostProcess
# environment
HOME = /Users/mazhari
# default
MAKEFILEPATH = $(shell /usr/bin/xcode-select -print-path 2>/dev/null || echo /Developer)/Makefiles
# environment
VSCODE_CODE_CACHE_PATH = /Users/mazhari/Library/Application Support/Code/CachedData/57fd6d0195bb9b9d1b49f6da5db789060795de47
# environment
LOGNAME = mazhari
# environment
APPLICATION_INSIGHTS_NO_DIAGNOSTIC_CHANNEL = 1
# environment
ZSH = /Users/mazhari/.oh-my-zsh
# environment
VSCODE_HANDLES_UNCAUGHT_ERRORS = true
# automatic
^D = $(patsubst %/,%,$(dir $^))
# environment
XPC_FLAGS = 0x0
# default
MAKE = $(MAKE_COMMAND)
# default
MAKECMDGOALS := all
# environment
SHLVL = 1
# makefile (from `makefile', line 13)
CC = gcc
# default
MAKE_VERSION := 3.81
# environment
USER = mazhari
# makefile
.DEFAULT_GOAL := all
# makefile (from `makefile', line 16)
NAME = minishell
# environment
LESS = -R
# automatic
%D = $(patsubst %/,%,$(dir $%))
# default
MAKE_COMMAND := /Library/Developer/CommandLineTools/usr/bin/make
# default
.VARIABLES := 
# environment
TMPDIR = /var/folders/zz/zyxvpxvq6csfxvn_n000cf7w0033jz/T/
# automatic
*F = $(notdir $*)
# environment
VSCODE_IPC_HOOK = /Users/mazhari/Library/Application Support/Code/1.67.0-main.sock
# makefile
MAKEFLAGS = Rrqp
# makefile (from `makefile', line 26)
PROMPT = $(addprefix prompt/, prompt)
# environment
MFLAGS = -Rrqp
# automatic
*D = $(patsubst %/,%,$(dir $*))
# makefile (from `makefile', line 27)
LEXER = $(addprefix lexer/, lexer tokenizer list_utils)
# environment
XPC_SERVICE_NAME = com.microsoft.VSCode.2540
# automatic
+D = $(patsubst %/,%,$(dir $+))
# automatic
+F = $(notdir $+)
# environment
__CF_USER_TEXT_ENCODING = 0x18E3F:0:0
# default
MAKEFILES := 
# automatic
<F = $(notdir $<)
# environment
PAGER = less
# environment
LC_ALL = C
# automatic
^F = $(notdir $^)
# default
SUFFIXES := 
# makefile (from `makefile', line 19)
HEDEAR = $(INCLUDES)/minishell.h
# default
.INCLUDE_DIRS = /usr/local/include
# environment
MAKELEVEL := 0
# environment
LANG = C
# environment
VSCODE_PID = 15091
# makefile (from `makefile', line 22)
LIBFT_LIB = $(LIBFT_DIR)/libft.a
# makefile (from `makefile', line 28)
PARSER = $(addprefix parser/, parser $(LEXER))
# makefile (from `makefile', line 31)
FILES = $(addprefix src/, main $(PROMPT) $(PARSER))
# variable set hash-table stats:
# Load=78/1024=8%, Rehash=0, Collisions=9/119=8%

# Pattern-specific Variable Values

# No pattern-specific variable values.

# Directories

 
# src/prompt (device 16777227, inode 3055338): 3 files, no impossibilities so far.
# . (device 16777227, inode 3055153): 11 files, no impossibilities.
# includes (device 16777227, inode 3055221): No files, no impossibilities so far.
# src (device 16777227, inode 3055329): 3 files, no impossibilities so far.
# src/parser (device 16777227, inode 3055331): 4 files, no impossibilities so far.
# libft (device 16777227, inode 3055223): No files, no impossibilities so far.
# src/parser/lexer (device 16777227, inode 3055332): 5 files, no impossibilities so far.

# 26 files, no impossibilities in 7 directories.

# Implicit Rules

build/src/%.o: src/%.c libft/libft.a ./includes/minishell.h
#  commands to execute (from `makefile', line 37):
	mkdir -p $(@D)
	$(CC) -I$(INCLUDES) $(CFLAGS) -I ./readline/include -c $< -o $@
	

# 1 implicit rules, 0 (0.0%) terminal.

# Files

f:
#  Phony target (prerequisite of .PHONY).
#  Implicit rule search has not been done.
#  File does not exist.
#  File has not been updated.

all: minishell
#  Phony target (prerequisite of .PHONY).
#  Command-line target.
#  Implicit rule search has not been done.
#  File does not exist.
#  File has been updated.
#  Successfully updated.
# variable set hash-table stats:
# Load=0/32=0%, Rehash=0, Collisions=0/0=0%

build/src/parser/parser.o: src/parser/parser.c libft/libft.a includes/minishell.h
#  Implicit rule search has been done.
#  Implicit/static pattern stem: `parser/parser'
#  Last modified 2022-05-27 17:08:27
#  File has been updated.
#  Successfully updated.
# variable set hash-table stats:
# Load=0/32=0%, Rehash=0, Collisions=0/0=0%
#  commands to execute (from `makefile', line 37):
	mkdir -p $(@D)
	$(CC) -I$(INCLUDES) $(CFLAGS) -I ./readline/include -c $< -o $@
	

build/src/parser/lexer/lexer.o: src/parser/lexer/lexer.c libft/libft.a includes/minishell.h
#  Implicit rule search has been done.
#  Implicit/static pattern stem: `parser/lexer/lexer'
#  Last modified 2022-05-27 17:33:07
#  File has been updated.
#  Successfully updated.
# variable set hash-table stats:
# Load=0/32=0%, Rehash=0, Collisions=0/0=0%
#  commands to execute (from `makefile', line 37):
	mkdir -p $(@D)
	$(CC) -I$(INCLUDES) $(CFLAGS) -I ./readline/include -c $< -o $@
	

.PHONY: all clean f re
#  Implicit rule search has not been done.
#  Modification time never checked.
#  File has not been updated.

# Not a target:
.SUFFIXES:
#  Implicit rule search has not been done.
#  Modification time never checked.
#  File has not been updated.

# Not a target:
makefile:
#  Implicit rule search has been done.
#  Last modified 2022-05-27 13:41:21
#  File has been updated.
#  Successfully updated.
# variable set hash-table stats:
# Load=0/32=0%, Rehash=0, Collisions=0/0=0%

# Not a target:
src/parser/lexer/list_utils.c:
#  Implicit rule search has been done.
#  Last modified 2022-05-27 16:49:51
#  File has been updated.
#  Successfully updated.
# variable set hash-table stats:
# Load=0/32=0%, Rehash=0, Collisions=0/0=0%

# Not a target:
src/parser/lexer/tokenizer.c:
#  Implicit rule search has been done.
#  Last modified 2022-05-27 17:50:56
#  File has been updated.
#  Successfully updated.
# variable set hash-table stats:
# Load=0/32=0%, Rehash=0, Collisions=0/0=0%

minishell: build/src/main.o build/src/prompt/prompt.o build/src/parser/parser.o build/src/parser/lexer/lexer.o build/src/parser/lexer/tokenizer.o build/src/parser/lexer/list_utils.o includes/minishell.h
#  Implicit rule search has not been done.
#  Last modified 2022-05-27 17:50:59
#  File has been updated.
#  Successfully updated.
# variable set hash-table stats:
# Load=0/32=0%, Rehash=0, Collisions=0/0=0%
#  commands to execute (from `makefile', line 41):
	$(CC) $(CFLAGS) $(LIBFT_LIB) -L ./readline/lib -lreadline $(OBJS) -o $(NAME)
	

libft/libft.a:
#  Implicit rule search has not been done.
#  Last modified 2022-05-27 13:56:24
#  File has been updated.
#  Successfully updated.
#  commands to execute (from `makefile', line 44):
	$(MAKE) -C $(LIBFT_DIR)
	

# Not a target:
src/prompt/prompt.c:
#  Implicit rule search has been done.
#  Last modified 2022-05-27 13:41:21
#  File has been updated.
#  Successfully updated.
# variable set hash-table stats:
# Load=0/32=0%, Rehash=0, Collisions=0/0=0%

fclean: clean
#  Implicit rule search has not been done.
#  Modification time never checked.
#  File has not been updated.
#  commands to execute (from `makefile', line 52):
	rm -f $(NAME)
	$(MAKE) clean -C $(LIBFT_DIR)
	

# Not a target:
src/main.c:
#  Implicit rule search has been done.
#  Last modified 2022-05-27 17:08:24
#  File has been updated.
#  Successfully updated.
# variable set hash-table stats:
# Load=0/32=0%, Rehash=0, Collisions=0/0=0%

# Not a target:
.DEFAULT:
#  Implicit rule search has not been done.
#  Modification time never checked.
#  File has not been updated.

build/src/parser/lexer/list_utils.o: src/parser/lexer/list_utils.c libft/libft.a includes/minishell.h
#  Implicit rule search has been done.
#  Implicit/static pattern stem: `parser/lexer/list_utils'
#  Last modified 2022-05-27 17:08:27
#  File has been updated.
#  Successfully updated.
# variable set hash-table stats:
# Load=0/32=0%, Rehash=0, Collisions=0/0=0%
#  commands to execute (from `makefile', line 37):
	mkdir -p $(@D)
	$(CC) -I$(INCLUDES) $(CFLAGS) -I ./readline/include -c $< -o $@
	

build/src/parser/lexer/tokenizer.o: src/parser/lexer/tokenizer.c libft/libft.a includes/minishell.h
#  Implicit rule search has been done.
#  Implicit/static pattern stem: `parser/lexer/tokenizer'
#  Last modified 2022-05-27 17:50:59
#  File has been updated.
#  Successfully updated.
# variable set hash-table stats:
# Load=0/32=0%, Rehash=0, Collisions=0/0=0%
#  commands to execute (from `makefile', line 37):
	mkdir -p $(@D)
	$(CC) -I$(INCLUDES) $(CFLAGS) -I ./readline/include -c $< -o $@
	

re: fclean all
#  Phony target (prerequisite of .PHONY).
#  Implicit rule search has not been done.
#  File does not exist.
#  File has not been updated.

clean:
#  Phony target (prerequisite of .PHONY).
#  Implicit rule search has not been done.
#  File does not exist.
#  File has not been updated.
#  commands to execute (from `makefile', line 47):
	rm -f $(OBJS)
	rm -rf $(B_DIR)
	$(MAKE) fclean -C $(LIBFT_DIR)
	

build/src/prompt/prompt.o: src/prompt/prompt.c libft/libft.a includes/minishell.h
#  Implicit rule search has been done.
#  Implicit/static pattern stem: `prompt/prompt'
#  Last modified 2022-05-27 17:08:27
#  File has been updated.
#  Successfully updated.
# variable set hash-table stats:
# Load=0/32=0%, Rehash=0, Collisions=0/0=0%
#  commands to execute (from `makefile', line 37):
	mkdir -p $(@D)
	$(CC) -I$(INCLUDES) $(CFLAGS) -I ./readline/include -c $< -o $@
	

build/src/main.o: src/main.c libft/libft.a includes/minishell.h
#  Implicit rule search has been done.
#  Implicit/static pattern stem: `main'
#  Last modified 2022-05-27 17:08:26
#  File has been updated.
#  Successfully updated.
# variable set hash-table stats:
# Load=0/32=0%, Rehash=0, Collisions=0/0=0%
#  commands to execute (from `makefile', line 37):
	mkdir -p $(@D)
	$(CC) -I$(INCLUDES) $(CFLAGS) -I ./readline/include -c $< -o $@
	

# Not a target:
src/parser/parser.c:
#  Implicit rule search has been done.
#  Last modified 2022-05-27 13:41:21
#  File has been updated.
#  Successfully updated.
# variable set hash-table stats:
# Load=0/32=0%, Rehash=0, Collisions=0/0=0%

# Not a target:
src/parser/lexer/lexer.c:
#  Implicit rule search has been done.
#  Last modified 2022-05-27 17:33:04
#  File has been updated.
#  Successfully updated.
# variable set hash-table stats:
# Load=0/32=0%, Rehash=0, Collisions=0/0=0%

# Not a target:
includes/minishell.h:
#  Implicit rule search has been done.
#  Last modified 2022-05-27 17:08:01
#  File has been updated.
#  Successfully updated.
# variable set hash-table stats:
# Load=0/32=0%, Rehash=0, Collisions=0/0=0%

# files hash-table stats:
# Load=24/1024=2%, Rehash=0, Collisions=0/94=0%
# VPATH Search Paths

# No `vpath' search paths.

# No general (`VPATH' variable) search path.

# # of strings in strcache: 1
# # of strcache buffers: 1
 
# strcache size: total = 4096 / max = 4096 / min = 4096 / avg = 4096
# strcache free: total = 4087 / max = 4087 / min = 4087 / avg = 4087

# Finished Make data base on Sun May 29 12:16:19 2022

 
